<?xml version="1.0" encoding="UTF-8"?>
<!-- Generated by org.testng.reporters.JUnitReportReporter -->
<testsuite skipped="0" hostname="Celusion-Lap6" name="login_page.NewTest" tests="1" failures="0" timestamp="2021-06-30T20:08:03 IST" time="30.248" errors="0">
  <testcase name="Login" time="30.248" classname="login_page.NewTest"/>
</testsuite> <!-- login_page.NewTest -->
